<?xml version="1.0" encoding="UTF-8"?>

<beans xmlns="http://www.springframework.org/schema/beans"
       xmlns:xsi="http://www.w3.org/2001/XMLSchema-instance"
       xmlns:context="http://www.springframework.org/schema/context"
       xmlns:c="http://www.springframework.org/schema/c"
       xsi:schemaLocation="
       http://www.springframework.org/schema/beans
       http://www.springframework.org/schema/beans/spring-beans.xsd
       http://www.springframework.org/schema/context
       http://www.springframework.org/schema/context/spring-context-3.1.xsd">

    <import resource="test-automation-shared.xml" />

    <context:component-scan base-package="com.netaporter.pws.automation.nap">
        <!--<context:exclude-filter type="regex" expression=".*\.steps.*" />-->
    </context:component-scan>

    <context:annotation-config />
    <context:property-placeholder location="classpath:nap.properties" ignore-unresolvable="true" />

    <!-- Purchase path brand specific page beans -->
    <!--<bean id="purchasePathSignInPage" class="com.netaporter.pws.automation.nap.pages.NAPPurchasePathSignInPage" scope="cucumber-glue"/>-->
    <bean id="purchasePathPaymentPage" class="com.netaporter.pws.automation.nap.pages.NAPPurchasePathPaymentPage" scope="cucumber-glue"/>
    <bean id="purchasePathConfirmationPage" class="com.netaporter.pws.automation.nap.pages.NAPPurchasePathConfirmationPage" scope="cucumber-glue"/>
    <bean id="productItemsListComponent" class="com.netaporter.pws.automation.nap.components.NAPProductItemsListComponent" scope="cucumber-glue"/>
    <!-- Purchase path brand specific page beans -->

    <bean id="listingPageRegistry" class = "com.netaporter.pws.automation.shared.pages.ListingPageRegistry" autowire-candidate="false"/>

    <!-- Gift card page brand specific page beans -->
    <bean id="giftCardLandingPage" class="com.netaporter.pws.automation.nap.pages.NAPGiftCardLandingPage" scope="cucumber-glue"/>
    <!-- Gift card page brand specific page beans -->

    <bean id="sandalsPage" class="com.netaporter.pws.automation.nap.pages.NAPProductListPage" scope="cucumber-glue"
          c:pageName="Shoes"
          c:path="Shop/Shoes/All"
          c:isMultipleSize="true" />

    <bean id="clothingPage" class="com.netaporter.pws.automation.nap.pages.NAPProductListPage" scope="cucumber-glue">
        <constructor-arg name="pageName" value="Clothing" />
        <constructor-arg name="path" value="Shop/Clothing/All" />
        <constructor-arg name="isMultipleSize" value="true" />
    </bean>


    <bean id="bagsPage" class="com.netaporter.pws.automation.nap.pages.NAPProductListPage" scope="cucumber-glue">
        <constructor-arg name="pageName" value="Bags" />
        <constructor-arg name="path" value="Shop/Bags/All" />
    </bean>

    <bean id="accessoriesPage" class="com.netaporter.pws.automation.nap.pages.NAPProductListPage" scope="cucumber-glue">
        <constructor-arg name="pageName" value="Accessories" />
        <constructor-arg name="path" value="Shop/Accessories/All" />
    </bean>

    <bean id="backInStockListingPage" class="com.netaporter.pws.automation.nap.pages.NAPProductListPage" scope="cucumber-glue">
        <constructor-arg name="pageName" value="BackInStockListing" />
        <constructor-arg name="path" value="Shop/List/Back_In_Stock" />
    </bean>

    <bean id="whatsNewListingPage" class="com.netaporter.pws.automation.nap.pages.NAPProductListPage" scope="cucumber-glue">
        <constructor-arg name="pageName" value="whatsNewListing" />
        <constructor-arg name="path" value="Shop/Whats-New" />
    </bean>

    <bean id="pyhtonBagSearchResultPage" class="com.netaporter.pws.automation.nap.pages.NAPProductListPage" scope="cucumber-glue">
        <constructor-arg name="pageName" value="Pyhton Bag Search Results" />
        <constructor-arg name="path" value="Shop/Search/python+bag?keywords=python bag&amp;sortBy=price-desc" />
        <constructor-arg name="isMultipleSize" value="false" />
    </bean>


</beans>