<?xml version="1.0" encoding="UTF-8"?>

<beans xmlns="http://www.springframework.org/schema/beans"
       xmlns:xsi="http://www.w3.org/2001/XMLSchema-instance"
       xmlns:context="http://www.springframework.org/schema/context"
       xmlns:c="http://www.springframework.org/schema/c"
       xsi:schemaLocation="
       http://www.springframework.org/schema/beans
       http://www.springframework.org/schema/beans/spring-beans.xsd
       http://www.springframework.org/schema/context
       http://www.springframework.org/schema/context/spring-context-3.1.xsd">

    <context:property-placeholder location="classpath:nap.properties" ignore-unresolvable="true" />

    <import resource="test-automation-shared.xml" />

    <context:component-scan base-package="com.netaporter.pws.automation.napmobileweb">
        <context:exclude-filter type="regex" expression=".*\.steps.*" />
    </context:component-scan>

    <!-- Purchase path brand specific page beans -->
    <bean id="purchasePathSignInPage" class="com.netaporter.pws.automation.napmobileweb.pages.purchasePath.MobileNAPPurchasePathSignInPage" scope="cucumber-glue"/>
    <bean id="purchasePathPaymentPage" class="com.netaporter.pws.automation.napmobileweb.pages.purchasePath.MobileNAPPurchasePathPaymentPage" scope="cucumber-glue"/>
    <bean id="purchasePathConfirmationPage" class="com.netaporter.pws.automation.nap.pages.NAPPurchasePathConfirmationPage" scope="cucumber-glue"/>
    <bean id="productItemsListComponent" class="com.netaporter.pws.automation.nap.components.NAPProductItemsListComponent" scope="cucumber-glue"/>
    <!-- Purchase path brand specific page beans -->

    <context:annotation-config />

</beans>